2019-09-30 18:50:23: == Sync Started by User Command
2019-09-30 18:50:25: Create Folder 'ftp://ftp.cluster021.hosting.ovh.net:21/www/css'
2019-09-30 18:50:25: Create Folder 'ftp://ftp.cluster021.hosting.ovh.net:21/www/image'
2019-09-30 18:50:26: Copy New 'C:/Users/Adrian/Desktop/HTML + CSS/train landing page/css/style.css' -> 'ftp://ftp.cluster021.hosting.ovh.net:21/www/css/style.css' (4,766)
2019-09-30 18:50:27: Copy New 'C:/Users/Adrian/Desktop/HTML + CSS/train landing page/image/aluspisan_home_page.png' -> 'ftp://ftp.cluster021.hosting.ovh.net:21/www/image/aluspisan_home_page.png' (35,263)
2019-09-30 18:50:28: Copy New 'C:/Users/Adrian/Desktop/HTML + CSS/train landing page/image/arrow.png' -> 'ftp://ftp.cluster021.hosting.ovh.net:21/www/image/arrow.png' (694)
2019-09-30 18:50:34: Copy New 'C:/Users/Adrian/Desktop/HTML + CSS/train landing page/image/banner.png' -> 'ftp://ftp.cluster021.hosting.ovh.net:21/www/image/banner.png' (1,457,242)
2019-09-30 18:50:35: Copy New 'C:/Users/Adrian/Desktop/HTML + CSS/train landing page/image/Business-card.png' -> 'ftp://ftp.cluster021.hosting.ovh.net:21/www/image/Business-card.png' (120,948)
2019-09-30 18:50:36: Copy New 'C:/Users/Adrian/Desktop/HTML + CSS/train landing page/image/controller.png' -> 'ftp://ftp.cluster021.hosting.ovh.net:21/www/image/controller.png' (1,609)
2019-09-30 18:50:37: Copy New 'C:/Users/Adrian/Desktop/HTML + CSS/train landing page/image/img mask.png' -> 'ftp://ftp.cluster021.hosting.ovh.net:21/www/image/img mask.png' (70,714)
2019-09-30 18:50:40: Copy New 'C:/Users/Adrian/Desktop/HTML + CSS/train landing page/image/img mask1.png' -> 'ftp://ftp.cluster021.hosting.ovh.net:21/www/image/img mask1.png' (124,788)
2019-09-30 18:50:41: Copy New 'C:/Users/Adrian/Desktop/HTML + CSS/train landing page/image/img mask2.png' -> 'ftp://ftp.cluster021.hosting.ovh.net:21/www/image/img mask2.png' (52,537)
2019-09-30 18:50:44: Copy New 'C:/Users/Adrian/Desktop/HTML + CSS/train landing page/image/img mask3.png' -> 'ftp://ftp.cluster021.hosting.ovh.net:21/www/image/img mask3.png' (73,897)
2019-09-30 18:50:45: Copy New 'C:/Users/Adrian/Desktop/HTML + CSS/train landing page/image/iPhone potrait & landscape 2.png' -> 'ftp://ftp.cluster021.hosting.ovh.net:21/www/image/iPhone potrait & landscape 2.png' (552)
2019-09-30 18:50:45: Copy New 'C:/Users/Adrian/Desktop/HTML + CSS/train landing page/image/logo.png' -> 'ftp://ftp.cluster021.hosting.ovh.net:21/www/image/logo.png' (4,783)
2019-09-30 18:50:46: Copy New 'C:/Users/Adrian/Desktop/HTML + CSS/train landing page/image/pencil with paper.png' -> 'ftp://ftp.cluster021.hosting.ovh.net:21/www/image/pencil with paper.png' (1,297)
2019-09-30 18:50:47: Copy New 'C:/Users/Adrian/Desktop/HTML + CSS/train landing page/image/qoute1.png' -> 'ftp://ftp.cluster021.hosting.ovh.net:21/www/image/qoute1.png' (336)
2019-09-30 18:50:48: Copy New 'C:/Users/Adrian/Desktop/HTML + CSS/train landing page/image/quote2.png' -> 'ftp://ftp.cluster021.hosting.ovh.net:21/www/image/quote2.png' (353)
2019-09-30 18:50:49: Copy New 'C:/Users/Adrian/Desktop/HTML + CSS/train landing page/image/Rectangle 10 copy 6.png' -> 'ftp://ftp.cluster021.hosting.ovh.net:21/www/image/Rectangle 10 copy 6.png' (218)
2019-09-30 18:51:09: Copy New 'C:/Users/Adrian/Desktop/HTML + CSS/train landing page/image/train.jpg' -> 'ftp://ftp.cluster021.hosting.ovh.net:21/www/image/train.jpg' (1,332,130)
2019-09-30 18:51:10: Copy New 'C:/Users/Adrian/Desktop/HTML + CSS/train landing page/image/triangle.png' -> 'ftp://ftp.cluster021.hosting.ovh.net:21/www/image/triangle.png' (1,000)
2019-09-30 18:51:11: Copy New 'C:/Users/Adrian/Desktop/HTML + CSS/train landing page/index.html' -> 'ftp://ftp.cluster021.hosting.ovh.net:21/www/index.html' (5,529)
2019-09-30 18:51:12: == Sync Complete. Time: 00:00:50, Speed: 67.5 KB/s, OK: 21, Errors: 0
2019-09-30 18:51:12: 
